> Task :car:preBuild UP-TO-DATE
> Task :car:preDebugBuild UP-TO-DATE
> Task :car:mergeDebugNativeDebugMetadata NO-SOURCE
> Task :car:checkKotlinGradlePluginConfigurationErrors SKIPPED
> Task :car:checkDebugAarMetadata UP-TO-DATE
> Task :car:processDebugNavigationResources UP-TO-DATE
> Task :car:compileDebugNavigationResources UP-TO-DATE
> Task :car:generateDebugResValues UP-TO-DATE
> Task :car:mapDebugSourceSetPaths UP-TO-DATE
> Task :car:generateDebugResources UP-TO-DATE
> Task :car:mergeDebugResources UP-TO-DATE
> Task :car:packageDebugResources UP-TO-DATE
> Task :car:parseDebugLocalResources UP-TO-DATE
> Task :car:createDebugCompatibleScreenManifests UP-TO-DATE
> Task :car:extractDeepLinksDebug UP-TO-DATE

> Task :car:processDebugMainManifest FAILED
C:\Users\AntoniKmuk\AndroidStudioProjects\fuelprices\car\src\main\AndroidManifest.xml Error:

See https://developer.android.com/r/studio-ui/build/manifest-merger for more information about the manifest merger.


[Incubating] Problems report is available at: file:///C:/Users/AntoniKmuk/AndroidStudioProjects/fuelprices/build/reports/problems/problems-report.html
	uses-sdk:minSdkVersion 28 cannot be smaller than version 29 declared in library [androidx.car.app:app-automotive:1.4.0] C:\Users\AntoniKmuk\.gradle\caches\8.13\transforms\e80fd06fc22e0111ae14dccb63a852b1\transformed\app-automotive-1.4.0\AndroidManifest.xml as the library might be using APIs not available in 28
	Suggestion: use a compatible library with a minSdk of at most 28,
		or increase this project's minSdk version to at least 29,
		or use tools:overrideLibrary="androidx.car.app.automotive" to force usage (may lead to runtime failures)

FAILURE: Build failed with an exception.

* What went wrong:
Execution failed for task ':car:processDebugMainManifest'.
> Manifest merger failed : uses-sdk:minSdkVersion 28 cannot be smaller than version 29 declared in library [androidx.car.app:app-automotive:1.4.0] C:\Users\AntoniKmuk\.gradle\caches\8.13\transforms\e80fd06fc22e0111ae14dccb63a852b1\transformed\app-automotive-1.4.0\AndroidManifest.xml as the library might be using APIs not available in 28
  	Suggestion: use a compatible library with a minSdk of at most 28,
  		or increase this project's minSdk version to at least 29,
  		or use tools:overrideLibrary="androidx.car.app.automotive" to force usage (may lead to runtime failures)

* Try:
> Run with --stacktrace option to get the stack trace.
> Run with --info or --debug option to get more log output.
> Run with --scan to get full insights.
> Get more help at https://help.gradle.org.

Deprecated Gradle features were used in this build, making it incompatible with Gradle 9.0.

You can use '--warning-mode all' to show the individual deprecation warnings and determine if they come from your own scripts or plugins.

For more on this, please refer to https://docs.gradle.org/8.13/userguide/command_line_interface.html#sec:command_line_warnings in the Gradle documentation.

BUILD FAILED in 1s
12 actionable tasks: 1 executed, 11 up-to-date
